<?xml version="1.0" encoding="UTF-8"?>
<!-- Generated by org.testng.reporters.JUnitXMLReporter -->
<testsuite ignored="0" hostname="LAPTOP-EVN0A8MU" failures="0" tests="1" name="Different Feature(failed)" time="0.213" errors="0" timestamp="2022-09-30T15:27:04 IST">
  <testcase classname="com.Efficiently.qa.testcases.LoginPageTest" name="@BeforeMethod SetUp" time="0.023">
    <failure type="java.lang.NullPointerException" message="Cannot invoke &amp;quot;org.openqa.selenium.WebDriver.manage()&amp;quot; because &amp;quot;com.Efficiently.qa.base.TestBase.driver&amp;quot; is null">
      <![CDATA[java.lang.NullPointerException: Cannot invoke "org.openqa.selenium.WebDriver.manage()" because "com.Efficiently.qa.base.TestBase.driver" is null
at com.Efficiently.qa.base.TestBase.initialization(TestBase.java:47)
at com.Efficiently.qa.testcases.LoginPageTest.SetUp(LoginPageTest.java:26)
at java.base/java.util.ArrayList.forEach(ArrayList.java:1511)
... Removed 31 stack frames]]>
    </failure>
  </testcase> <!-- @BeforeMethod SetUp -->
  <testcase classname="com.Efficiently.qa.testcases.LoginPageTest" name="@AfterMethod tearDown" time="0.0">
    <skipped/>
  </testcase> <!-- @AfterMethod tearDown -->
  <testcase classname="com.Efficiently.qa.testcases.LoginPageTest" name="loginTest" time="0.001">
    <skipped/>
  </testcase> <!-- loginTest -->
</testsuite> <!-- Different Feature(failed) -->
