<?xml version="1.0" encoding="UTF-8"?>
<testng-results ignored="0" total="1" passed="1" failed="0" skipped="0">
  <reporter-output>
  </reporter-output>
  <suite started-at="2022-10-12T11:58:22 IST" name="Efficiently AUTOMATION SUITE" finished-at="2022-10-12T11:59:51 IST" duration-ms="89832">
    <groups>
    </groups>
    <test started-at="2022-10-12T11:58:22 IST" name="Different Feature" finished-at="2022-10-12T11:59:51 IST" duration-ms="89832">
      <class name="com.Efficiently.qa.testcases.LoginPageTest">
        <test-method is-config="true" signature="SetUp()[pri:0, instance:com.Efficiently.qa.testcases.LoginPageTest@4d5650ae]" started-at="2022-10-12T11:58:22 IST" name="SetUp" finished-at="2022-10-12T11:58:33 IST" duration-ms="10986" status="PASS">
          <reporter-output>
          </reporter-output>
        </test-method> <!-- SetUp -->
        <test-method signature="loginTest()[pri:1, instance:com.Efficiently.qa.testcases.LoginPageTest@4d5650ae]" started-at="2022-10-12T11:58:33 IST" name="loginTest" finished-at="2022-10-12T11:59:51 IST" duration-ms="78769" status="PASS">
          <reporter-output>
          </reporter-output>
        </test-method> <!-- loginTest -->
      </class> <!-- com.Efficiently.qa.testcases.LoginPageTest -->
    </test> <!-- Different Feature -->
  </suite> <!-- Efficiently AUTOMATION SUITE -->
</testng-results>
